DATA:2025/05/28 21:53:37.212340 C:/Users/acena/Documents/Codes/metsuboujinrai/logic/user_logic/authenticator.go:59 : [requestId]: 1748440417191169b3f7e-c622-4e6e-afb5-1e08c5f03869 | [19.257ms] [rows:1] SELECT * FROM `user_tab` WHERE username = 'asari@bandai.jp' ORDER BY `user_tab`.`id` LIMIT 1
DATA:2025/05/28 21:57:05.648940 C:/Users/acena/Documents/Codes/metsuboujinrai/logic/user_logic/authenticator.go:59 : [requestId]: 1748440625630654d2ff9-2c53-4c01-9025-faf2f2f7f3cf | [18.415ms] [rows:1] SELECT * FROM `user_tab` WHERE username = 'asari@bandai.jp' ORDER BY `user_tab`.`id` LIMIT 1
DATA:2025/05/28 21:57:33.803986 C:/Users/acena/Documents/Codes/metsuboujinrai/logic/message_logic/view_content.go:15 : [requestId]: 1748440653802bce2145b-cba3-44a9-856c-e2a095cca951 | [1.487ms] [rows:1] SELECT * FROM `message_tab` WHERE `message_tab`.`id` = 1 AND `message_tab`.`deleted_at` IS NULL ORDER BY `message_tab`.`id` LIMIT 1
DATA:2025/05/28 21:57:33.822417 C:/Users/acena/Documents/Codes/metsuboujinrai/logic/message_logic/view_content.go:31 : [requestId]: 1748440653802bce2145b-cba3-44a9-856c-e2a095cca951 | [6.448ms] [rows:15] SELECT * FROM `comment_tab` WHERE message_id = 1 ORDER BY created_at DESC LIMIT 200
DATA:2025/05/28 21:57:52.364080 C:/Users/acena/Documents/Codes/metsuboujinrai/logic/message_logic/view_trend.go:50 : [requestId]: 174844067236010e8272e-c7da-4a23-b2a0-0f3ec23c28f5 | [0.870ms] [rows:4] SELECT tag_id, COUNT(*) as count FROM `message_tags` GROUP BY `tag_id` ORDER BY count DESC
DATA:2025/05/28 21:57:52.365005 C:/Users/acena/Documents/Codes/metsuboujinrai/logic/message_logic/view_trend.go:62 : [requestId]: 174844067236010e8272e-c7da-4a23-b2a0-0f3ec23c28f5 | [0.925ms] [rows:1] SELECT tag FROM tag_tab WHERE id = 1
DATA:2025/05/28 21:57:52.365365 C:/Users/acena/Documents/Codes/metsuboujinrai/logic/message_logic/view_trend.go:62 : [requestId]: 174844067236010e8272e-c7da-4a23-b2a0-0f3ec23c28f5 | [0.360ms] [rows:1] SELECT tag FROM tag_tab WHERE id = 2
DATA:2025/05/28 21:57:52.365365 C:/Users/acena/Documents/Codes/metsuboujinrai/logic/message_logic/view_trend.go:62 : [requestId]: 174844067236010e8272e-c7da-4a23-b2a0-0f3ec23c28f5 | [0.000ms] [rows:1] SELECT tag FROM tag_tab WHERE id = 3
DATA:2025/05/28 21:57:52.365873 C:/Users/acena/Documents/Codes/metsuboujinrai/logic/message_logic/view_trend.go:62 : [requestId]: 174844067236010e8272e-c7da-4a23-b2a0-0f3ec23c28f5 | [0.508ms] [rows:1] SELECT tag FROM tag_tab WHERE id = 4
DATA:2025/05/28 21:58:00.865552 C:/Users/acena/Documents/Codes/metsuboujinrai/logic/message_logic/explore_posts.go:83 : [requestId]: 1748440680863c6b83329-a1e4-4cc1-b322-25e3e185beee | [0.000ms] [rows:1] SELECT id FROM tag_tab WHERE tag = 'Numeron Gate'
DATA:2025/05/28 21:58:00.869973 C:/Users/acena/Documents/Codes/metsuboujinrai/logic/message_logic/explore_posts.go:95 : [requestId]: 1748440680863c6b83329-a1e4-4cc1-b322-25e3e185beee | [4.421ms] [rows:2] SELECT `message_id` FROM `message_tags` WHERE topic_id = 12 AND tag_id = 2 ORDER BY updated_at DESC LIMIT 2
DATA:2025/05/28 21:58:00.871705 C:/Users/acena/Documents/Codes/metsuboujinrai/logic/message_logic/explore_posts.go:101 : [requestId]: 1748440680863c6b83329-a1e4-4cc1-b322-25e3e185beee | [1.732ms] [rows:2] SELECT * FROM `message_tab` WHERE id IN (4,3) AND `message_tab`.`deleted_at` IS NULL
DATA :2025/05/28 22:08:40.495175 C:/Users/acena/Documents/Codes/metsuboujinrai/logic/user_logic/authenticator.go:59 : [requestId]: 1748441320478592bbc93-c296-44b0-b0a5-c0864aecda7c | [1.097ms] [rows:1] SELECT * FROM `user_tab` WHERE username = 'asari@bandai.jp' ORDER BY `user_tab`.`id` LIMIT 1
DATA :2025/05/28 22:08:48.717108 C:/Users/acena/Documents/Codes/metsuboujinrai/logic/message_logic/view_content.go:15 : [requestId]: 1748441328712a0d44063-ad83-42db-ab88-5ae78368d691 | [0.510ms] [rows:1] SELECT * FROM `message_tab` WHERE `message_tab`.`id` = 1 AND `message_tab`.`deleted_at` IS NULL ORDER BY `message_tab`.`id` LIMIT 1
DATA :2025/05/28 22:08:48.717633 C:/Users/acena/Documents/Codes/metsuboujinrai/logic/message_logic/view_content.go:31 : [requestId]: 1748441328712a0d44063-ad83-42db-ab88-5ae78368d691 | [0.526ms] [rows:15] SELECT * FROM `comment_tab` WHERE message_id = 1 ORDER BY created_at DESC LIMIT 200
DATA :2025/05/28 22:08:51.392775 C:/Users/acena/Documents/Codes/metsuboujinrai/logic/message_logic/view_trend.go:50 : [requestId]: 1748441331391ded682ac-cb9d-4af9-892b-b6170645b17e | [0.919ms] [rows:4] SELECT tag_id, COUNT(*) as count FROM `message_tags` GROUP BY `tag_id` ORDER BY count DESC
DATA :2025/05/28 22:08:51.393279 C:/Users/acena/Documents/Codes/metsuboujinrai/logic/message_logic/view_trend.go:62 : [requestId]: 1748441331391ded682ac-cb9d-4af9-892b-b6170645b17e | [0.000ms] [rows:1] SELECT tag FROM tag_tab WHERE id = 1
DATA :2025/05/28 22:08:51.393279 C:/Users/acena/Documents/Codes/metsuboujinrai/logic/message_logic/view_trend.go:62 : [requestId]: 1748441331391ded682ac-cb9d-4af9-892b-b6170645b17e | [0.000ms] [rows:1] SELECT tag FROM tag_tab WHERE id = 2
DATA :2025/05/28 22:08:51.393279 C:/Users/acena/Documents/Codes/metsuboujinrai/logic/message_logic/view_trend.go:62 : [requestId]: 1748441331391ded682ac-cb9d-4af9-892b-b6170645b17e | [0.000ms] [rows:1] SELECT tag FROM tag_tab WHERE id = 3
DATA :2025/05/28 22:08:51.393797 C:/Users/acena/Documents/Codes/metsuboujinrai/logic/message_logic/view_trend.go:62 : [requestId]: 1748441331391ded682ac-cb9d-4af9-892b-b6170645b17e | [0.519ms] [rows:1] SELECT tag FROM tag_tab WHERE id = 4
DATA :2025/05/28 22:08:57.090214 C:/Users/acena/Documents/Codes/metsuboujinrai/logic/message_logic/explore_posts.go:83 : [requestId]: 174844133708881de7f01-4b64-4350-a7b8-1d899c56490a | [0.561ms] [rows:1] SELECT id FROM tag_tab WHERE tag = 'Numeron Gate'
DATA :2025/05/28 22:08:57.090214 C:/Users/acena/Documents/Codes/metsuboujinrai/logic/message_logic/explore_posts.go:95 : [requestId]: 174844133708881de7f01-4b64-4350-a7b8-1d899c56490a | [0.000ms] [rows:2] SELECT `message_id` FROM `message_tags` WHERE topic_id = 12 AND tag_id = 2 ORDER BY updated_at DESC LIMIT 2
DATA :2025/05/28 22:08:57.090766 C:/Users/acena/Documents/Codes/metsuboujinrai/logic/message_logic/explore_posts.go:101 : [requestId]: 174844133708881de7f01-4b64-4350-a7b8-1d899c56490a | [0.551ms] [rows:2] SELECT * FROM `message_tab` WHERE id IN (4,3) AND `message_tab`.`deleted_at` IS NULL
DATA :2025/05/28 22:22:16.354010 C:/Users/acena/Documents/Codes/metsuboujinrai/logic/user_logic/authenticator.go:59 : [requestId]: 174844213633700447890-362f-4c51-97cd-cbd2710843bd | [2.227ms] [rows:1] SELECT * FROM `user_tab` WHERE username = 'asari@bandai.jp' ORDER BY `user_tab`.`id` LIMIT 1
DATA :2025/05/28 22:22:21.335399 C:/Users/acena/Documents/Codes/metsuboujinrai/logic/message_logic/view_content.go:15 : [requestId]: 1748442141334648fa154-2c94-4b38-bde6-0ff620fa5233 | [1.067ms] [rows:1] SELECT * FROM `message_tab` WHERE `message_tab`.`id` = 1 AND `message_tab`.`deleted_at` IS NULL ORDER BY `message_tab`.`id` LIMIT 1
DATA :2025/05/28 22:22:21.335906 C:/Users/acena/Documents/Codes/metsuboujinrai/logic/message_logic/view_content.go:31 : [requestId]: 1748442141334648fa154-2c94-4b38-bde6-0ff620fa5233 | [0.508ms] [rows:15] SELECT * FROM `comment_tab` WHERE message_id = 1 ORDER BY created_at DESC LIMIT 200
DATA :2025/05/28 22:22:23.627612 C:/Users/acena/Documents/Codes/metsuboujinrai/logic/message_logic/view_trend.go:50 : [requestId]: 17484421436248e47d5f8-db4b-4649-84df-3a482194ece7 | [1.295ms] [rows:4] SELECT tag_id, COUNT(*) as count FROM `message_tags` GROUP BY `tag_id` ORDER BY count DESC
DATA :2025/05/28 22:22:23.628258 C:/Users/acena/Documents/Codes/metsuboujinrai/logic/message_logic/view_trend.go:62 : [requestId]: 17484421436248e47d5f8-db4b-4649-84df-3a482194ece7 | [0.645ms] [rows:1] SELECT tag FROM tag_tab WHERE id = 1
DATA :2025/05/28 22:22:23.628258 C:/Users/acena/Documents/Codes/metsuboujinrai/logic/message_logic/view_trend.go:62 : [requestId]: 17484421436248e47d5f8-db4b-4649-84df-3a482194ece7 | [0.000ms] [rows:1] SELECT tag FROM tag_tab WHERE id = 2
DATA :2025/05/28 22:22:23.628832 C:/Users/acena/Documents/Codes/metsuboujinrai/logic/message_logic/view_trend.go:62 : [requestId]: 17484421436248e47d5f8-db4b-4649-84df-3a482194ece7 | [0.575ms] [rows:1] SELECT tag FROM tag_tab WHERE id = 3
DATA :2025/05/28 22:22:23.628832 C:/Users/acena/Documents/Codes/metsuboujinrai/logic/message_logic/view_trend.go:62 : [requestId]: 17484421436248e47d5f8-db4b-4649-84df-3a482194ece7 | [0.000ms] [rows:1] SELECT tag FROM tag_tab WHERE id = 4
DATA :2025/05/28 22:22:27.238203 C:/Users/acena/Documents/Codes/metsuboujinrai/logic/message_logic/explore_posts.go:83 : [requestId]: 1748442147234cda10a27-f962-480a-b003-8486e18559f9 | [0.000ms] [rows:1] SELECT id FROM tag_tab WHERE tag = 'Numeron Gate'
DATA :2025/05/28 22:22:27.238203 C:/Users/acena/Documents/Codes/metsuboujinrai/logic/message_logic/explore_posts.go:95 : [requestId]: 1748442147234cda10a27-f962-480a-b003-8486e18559f9 | [0.000ms] [rows:2] SELECT `message_id` FROM `message_tags` WHERE topic_id = 12 AND tag_id = 2 ORDER BY updated_at DESC LIMIT 2
DATA :2025/05/28 22:22:27.238749 C:/Users/acena/Documents/Codes/metsuboujinrai/logic/message_logic/explore_posts.go:101 : [requestId]: 1748442147234cda10a27-f962-480a-b003-8486e18559f9 | [0.547ms] [rows:2] SELECT * FROM `message_tab` WHERE id IN (4,3) AND `message_tab`.`deleted_at` IS NULL
DATA :2025/05/28 22:29:05.477500 C:/Users/acena/Documents/Codes/metsuboujinrai/logic/user_logic/authenticator.go:59 : [requestId]: 1748442545451178774de-a671-4739-aa7b-1cc491e7a980 | [0.505ms] [rows:1] SELECT * FROM `user_tab` WHERE username = 'asari@bandai.jp' ORDER BY `user_tab`.`id` LIMIT 1
DATA :2025/05/28 22:29:13.042717 C:/Users/acena/Documents/Codes/metsuboujinrai/logic/message_logic/view_content.go:15 : [requestId]: 1748442553038434da06b-bd6d-4052-9bbc-4563bcb49f39 | [1.373ms] [rows:1] SELECT * FROM `message_tab` WHERE `message_tab`.`id` = 1 AND `message_tab`.`deleted_at` IS NULL ORDER BY `message_tab`.`id` LIMIT 1
DATA :2025/05/28 22:29:13.043657 C:/Users/acena/Documents/Codes/metsuboujinrai/logic/message_logic/view_content.go:31 : [requestId]: 1748442553038434da06b-bd6d-4052-9bbc-4563bcb49f39 | [0.940ms] [rows:15] SELECT * FROM `comment_tab` WHERE message_id = 1 ORDER BY created_at DESC LIMIT 200
DATA :2025/05/28 22:29:14.739470 C:/Users/acena/Documents/Codes/metsuboujinrai/logic/message_logic/view_trend.go:50 : [requestId]: 1748442554738cad7cdf9-4f14-4e15-a4b4-bda2586e9cbf | [1.184ms] [rows:4] SELECT tag_id, COUNT(*) as count FROM `message_tags` GROUP BY `tag_id` ORDER BY count DESC
DATA :2025/05/28 22:29:14.739992 C:/Users/acena/Documents/Codes/metsuboujinrai/logic/message_logic/view_trend.go:62 : [requestId]: 1748442554738cad7cdf9-4f14-4e15-a4b4-bda2586e9cbf | [0.000ms] [rows:1] SELECT tag FROM tag_tab WHERE id = 1
DATA :2025/05/28 22:29:14.739992 C:/Users/acena/Documents/Codes/metsuboujinrai/logic/message_logic/view_trend.go:62 : [requestId]: 1748442554738cad7cdf9-4f14-4e15-a4b4-bda2586e9cbf | [0.000ms] [rows:1] SELECT tag FROM tag_tab WHERE id = 2
DATA :2025/05/28 22:29:14.739992 C:/Users/acena/Documents/Codes/metsuboujinrai/logic/message_logic/view_trend.go:62 : [requestId]: 1748442554738cad7cdf9-4f14-4e15-a4b4-bda2586e9cbf | [0.000ms] [rows:1] SELECT tag FROM tag_tab WHERE id = 3
DATA :2025/05/28 22:29:14.739992 C:/Users/acena/Documents/Codes/metsuboujinrai/logic/message_logic/view_trend.go:62 : [requestId]: 1748442554738cad7cdf9-4f14-4e15-a4b4-bda2586e9cbf | [0.000ms] [rows:1] SELECT tag FROM tag_tab WHERE id = 4
DATA :2025/05/28 22:29:17.778612 C:/Users/acena/Documents/Codes/metsuboujinrai/logic/message_logic/explore_posts.go:83 : [requestId]: 1748442557777f723e3c2-bc9c-4143-adb2-1eb9fa4c6574 | [0.850ms] [rows:1] SELECT id FROM tag_tab WHERE tag = 'Numeron Gate'
DATA :2025/05/28 22:29:17.778612 C:/Users/acena/Documents/Codes/metsuboujinrai/logic/message_logic/explore_posts.go:95 : [requestId]: 1748442557777f723e3c2-bc9c-4143-adb2-1eb9fa4c6574 | [0.000ms] [rows:2] SELECT `message_id` FROM `message_tags` WHERE topic_id = 12 AND tag_id = 2 ORDER BY updated_at DESC LIMIT 2
DATA :2025/05/28 22:29:17.779334 C:/Users/acena/Documents/Codes/metsuboujinrai/logic/message_logic/explore_posts.go:101 : [requestId]: 1748442557777f723e3c2-bc9c-4143-adb2-1eb9fa4c6574 | [0.722ms] [rows:2] SELECT * FROM `message_tab` WHERE id IN (4,3) AND `message_tab`.`deleted_at` IS NULL
DATA :2025/05/28 22:34:08.435422 C:/Users/acena/Documents/Codes/metsuboujinrai/logic/user_logic/authenticator.go:59 : [requestId]: 174844284841815a169b7-5d0d-4e1d-8008-ac626532ff2f | [1.747ms] [rows:1] SELECT * FROM `user_tab` WHERE username = 'asari@bandai.jp' ORDER BY `user_tab`.`id` LIMIT 1
DATA :2025/05/28 22:34:11.217954 C:/Users/acena/Documents/Codes/metsuboujinrai/logic/message_logic/view_content.go:15 : [requestId]: 1748442851216b5bd1aaf-fef3-4a6b-bd92-f07f5394caee | [1.022ms] [rows:1] SELECT * FROM `message_tab` WHERE `message_tab`.`id` = 1 AND `message_tab`.`deleted_at` IS NULL ORDER BY `message_tab`.`id` LIMIT 1
DATA :2025/05/28 22:34:11.218612 C:/Users/acena/Documents/Codes/metsuboujinrai/logic/message_logic/view_content.go:31 : [requestId]: 1748442851216b5bd1aaf-fef3-4a6b-bd92-f07f5394caee | [0.658ms] [rows:15] SELECT * FROM `comment_tab` WHERE message_id = 1 ORDER BY created_at DESC LIMIT 200
DATA :2025/05/28 22:34:13.149256 C:/Users/acena/Documents/Codes/metsuboujinrai/logic/message_logic/view_trend.go:50 : [requestId]: 1748442853143ae3ae1ca-7f92-41d0-ae5c-2a0d0da0897d | [1.497ms] [rows:4] SELECT tag_id, COUNT(*) as count FROM `message_tags` GROUP BY `tag_id` ORDER BY count DESC
DATA :2025/05/28 22:34:13.152729 C:/Users/acena/Documents/Codes/metsuboujinrai/logic/message_logic/view_trend.go:62 : [requestId]: 1748442853143ae3ae1ca-7f92-41d0-ae5c-2a0d0da0897d | [3.473ms] [rows:1] SELECT tag FROM tag_tab WHERE id = 1
DATA :2025/05/28 22:34:13.153231 C:/Users/acena/Documents/Codes/metsuboujinrai/logic/message_logic/view_trend.go:62 : [requestId]: 1748442853143ae3ae1ca-7f92-41d0-ae5c-2a0d0da0897d | [0.503ms] [rows:1] SELECT tag FROM tag_tab WHERE id = 2
DATA :2025/05/28 22:34:13.153950 C:/Users/acena/Documents/Codes/metsuboujinrai/logic/message_logic/view_trend.go:62 : [requestId]: 1748442853143ae3ae1ca-7f92-41d0-ae5c-2a0d0da0897d | [0.719ms] [rows:1] SELECT tag FROM tag_tab WHERE id = 3
DATA :2025/05/28 22:34:13.153950 C:/Users/acena/Documents/Codes/metsuboujinrai/logic/message_logic/view_trend.go:62 : [requestId]: 1748442853143ae3ae1ca-7f92-41d0-ae5c-2a0d0da0897d | [0.000ms] [rows:1] SELECT tag FROM tag_tab WHERE id = 4
DATA :2025/05/28 22:34:15.582688 C:/Users/acena/Documents/Codes/metsuboujinrai/logic/message_logic/explore_posts.go:83 : [requestId]: 1748442855582298ba389-0aae-409e-9d41-041e525b527e | [0.000ms] [rows:1] SELECT id FROM tag_tab WHERE tag = 'Numeron Gate'
DATA :2025/05/28 22:34:15.583223 C:/Users/acena/Documents/Codes/metsuboujinrai/logic/message_logic/explore_posts.go:95 : [requestId]: 1748442855582298ba389-0aae-409e-9d41-041e525b527e | [0.534ms] [rows:2] SELECT `message_id` FROM `message_tags` WHERE topic_id = 12 AND tag_id = 2 ORDER BY updated_at DESC LIMIT 2
DATA :2025/05/28 22:34:15.583223 C:/Users/acena/Documents/Codes/metsuboujinrai/logic/message_logic/explore_posts.go:101 : [requestId]: 1748442855582298ba389-0aae-409e-9d41-041e525b527e | [0.000ms] [rows:2] SELECT * FROM `message_tab` WHERE id IN (4,3) AND `message_tab`.`deleted_at` IS NULL
DATA :2025/05/28 22:36:09.915134 C:/Users/acena/Documents/Codes/metsuboujinrai/logic/user_logic/authenticator.go:59 : [requestId]: 1748442969898ca0a28b7-c340-423c-917e-d668dbfe989a | [1.074ms] [rows:1] SELECT * FROM `user_tab` WHERE username = 'asari@bandai.jp' ORDER BY `user_tab`.`id` LIMIT 1
DATA :2025/05/28 22:36:12.313897 C:/Users/acena/Documents/Codes/metsuboujinrai/logic/message_logic/view_content.go:15 : [requestId]: 174844297231137b73765-3344-499d-8843-95813949a4d2 | [0.633ms] [rows:1] SELECT * FROM `message_tab` WHERE `message_tab`.`id` = 1 AND `message_tab`.`deleted_at` IS NULL ORDER BY `message_tab`.`id` LIMIT 1
DATA :2025/05/28 22:36:12.314666 C:/Users/acena/Documents/Codes/metsuboujinrai/logic/message_logic/view_content.go:31 : [requestId]: 174844297231137b73765-3344-499d-8843-95813949a4d2 | [0.769ms] [rows:15] SELECT * FROM `comment_tab` WHERE message_id = 1 ORDER BY created_at DESC LIMIT 200
DATA :2025/05/28 22:36:13.784690 C:/Users/acena/Documents/Codes/metsuboujinrai/logic/message_logic/view_trend.go:50 : [requestId]: 17484429737834e8a3b0f-b8c8-419f-85af-805adfc82509 | [0.637ms] [rows:4] SELECT tag_id, COUNT(*) as count FROM `message_tags` GROUP BY `tag_id` ORDER BY count DESC
DATA :2025/05/28 22:36:13.785272 C:/Users/acena/Documents/Codes/metsuboujinrai/logic/message_logic/view_trend.go:62 : [requestId]: 17484429737834e8a3b0f-b8c8-419f-85af-805adfc82509 | [0.582ms] [rows:1] SELECT tag FROM tag_tab WHERE id = 1
DATA :2025/05/28 22:36:13.785272 C:/Users/acena/Documents/Codes/metsuboujinrai/logic/message_logic/view_trend.go:62 : [requestId]: 17484429737834e8a3b0f-b8c8-419f-85af-805adfc82509 | [0.000ms] [rows:1] SELECT tag FROM tag_tab WHERE id = 2
DATA :2025/05/28 22:36:13.785272 C:/Users/acena/Documents/Codes/metsuboujinrai/logic/message_logic/view_trend.go:62 : [requestId]: 17484429737834e8a3b0f-b8c8-419f-85af-805adfc82509 | [0.000ms] [rows:1] SELECT tag FROM tag_tab WHERE id = 3
DATA :2025/05/28 22:36:13.785818 C:/Users/acena/Documents/Codes/metsuboujinrai/logic/message_logic/view_trend.go:62 : [requestId]: 17484429737834e8a3b0f-b8c8-419f-85af-805adfc82509 | [0.545ms] [rows:1] SELECT tag FROM tag_tab WHERE id = 4
DATA :2025/05/28 22:36:15.442883 C:/Users/acena/Documents/Codes/metsuboujinrai/logic/message_logic/explore_posts.go:83 : [requestId]: 1748442975442dddc6a0e-6f23-4f9a-be60-61cbc42b96f7 | [0.000ms] [rows:1] SELECT id FROM tag_tab WHERE tag = 'Numeron Gate'
DATA :2025/05/28 22:36:15.443428 C:/Users/acena/Documents/Codes/metsuboujinrai/logic/message_logic/explore_posts.go:95 : [requestId]: 1748442975442dddc6a0e-6f23-4f9a-be60-61cbc42b96f7 | [0.545ms] [rows:2] SELECT `message_id` FROM `message_tags` WHERE topic_id = 12 AND tag_id = 2 ORDER BY updated_at DESC LIMIT 2
DATA :2025/05/28 22:36:15.443428 C:/Users/acena/Documents/Codes/metsuboujinrai/logic/message_logic/explore_posts.go:101 : [requestId]: 1748442975442dddc6a0e-6f23-4f9a-be60-61cbc42b96f7 | [0.000ms] [rows:2] SELECT * FROM `message_tab` WHERE id IN (4,3) AND `message_tab`.`deleted_at` IS NULL
DATA :2025/05/28 22:41:01.949686 C:/Users/acena/Documents/Codes/metsuboujinrai/logic/user_logic/authenticator.go:59 : [requestId]: 1748443261933efa11b46-263b-4d56-a978-c1830b4b03fc | [0.519ms] [rows:1] SELECT * FROM `user_tab` WHERE username = 'asari@bandai.jp' ORDER BY `user_tab`.`id` LIMIT 1
DATA :2025/05/28 22:41:03.855675 C:/Users/acena/Documents/Codes/metsuboujinrai/logic/message_logic/view_content.go:15 : [requestId]: 1748443263853714c43c4-ffc5-4c9d-8ef2-a4e405019272 | [0.555ms] [rows:1] SELECT * FROM `message_tab` WHERE `message_tab`.`id` = 1 AND `message_tab`.`deleted_at` IS NULL ORDER BY `message_tab`.`id` LIMIT 1
DATA :2025/05/28 22:41:03.856502 C:/Users/acena/Documents/Codes/metsuboujinrai/logic/message_logic/view_content.go:31 : [requestId]: 1748443263853714c43c4-ffc5-4c9d-8ef2-a4e405019272 | [0.524ms] [rows:15] SELECT * FROM `comment_tab` WHERE message_id = 1 ORDER BY created_at DESC LIMIT 200
DATA :2025/05/28 22:43:17.527290 C:/Users/acena/Documents/Codes/metsuboujinrai/logic/user_logic/authenticator.go:59 : [requestId]: 1748443397509d3c55641-0232-4c4a-a745-31c4c59ca66f | [0.550ms] [rows:1] SELECT * FROM `user_tab` WHERE username = 'asari@bandai.jp' ORDER BY `user_tab`.`id` LIMIT 1
DATA :2025/05/28 22:43:20.979140 C:/Users/acena/Documents/Codes/metsuboujinrai/logic/message_logic/view_content.go:15 : [requestId]: 17484434009786b0493d3-8f9d-4648-b08b-dc20b14c45d0 | [0.519ms] [rows:1] SELECT * FROM `message_tab` WHERE `message_tab`.`id` = 1 AND `message_tab`.`deleted_at` IS NULL ORDER BY `message_tab`.`id` LIMIT 1
DATA :2025/05/28 22:43:20.979140 C:/Users/acena/Documents/Codes/metsuboujinrai/logic/message_logic/view_content.go:31 : [requestId]: 17484434009786b0493d3-8f9d-4648-b08b-dc20b14c45d0 | [0.000ms] [rows:15] SELECT * FROM `comment_tab` WHERE message_id = 1 ORDER BY created_at DESC LIMIT 200
DATA :2025/05/28 22:43:28.466399 C:/Users/acena/Documents/Codes/metsuboujinrai/logic/message_logic/view_trend.go:50 : [requestId]: 174844340846447337637-29c8-4a0c-8ed9-5beab926097b | [0.881ms] [rows:4] SELECT tag_id, COUNT(*) as count FROM `message_tags` GROUP BY `tag_id` ORDER BY count DESC
DATA :2025/05/28 22:43:28.466399 C:/Users/acena/Documents/Codes/metsuboujinrai/logic/message_logic/view_trend.go:62 : [requestId]: 174844340846447337637-29c8-4a0c-8ed9-5beab926097b | [0.000ms] [rows:1] SELECT tag FROM tag_tab WHERE id = 1
DATA :2025/05/28 22:43:28.466913 C:/Users/acena/Documents/Codes/metsuboujinrai/logic/message_logic/view_trend.go:62 : [requestId]: 174844340846447337637-29c8-4a0c-8ed9-5beab926097b | [0.514ms] [rows:1] SELECT tag FROM tag_tab WHERE id = 2
DATA :2025/05/28 22:43:28.466913 C:/Users/acena/Documents/Codes/metsuboujinrai/logic/message_logic/view_trend.go:62 : [requestId]: 174844340846447337637-29c8-4a0c-8ed9-5beab926097b | [0.000ms] [rows:1] SELECT tag FROM tag_tab WHERE id = 3
DATA :2025/05/28 22:43:28.467468 C:/Users/acena/Documents/Codes/metsuboujinrai/logic/message_logic/view_trend.go:62 : [requestId]: 174844340846447337637-29c8-4a0c-8ed9-5beab926097b | [0.554ms] [rows:1] SELECT tag FROM tag_tab WHERE id = 4
DATA :2025/05/28 22:43:30.737370 C:/Users/acena/Documents/Codes/metsuboujinrai/logic/message_logic/explore_posts.go:83 : [requestId]: 17484434107369e25d89e-2365-4e02-905c-85280a745c82 | [0.744ms] [rows:1] SELECT id FROM tag_tab WHERE tag = 'Numeron Gate'
DATA :2025/05/28 22:43:30.737370 C:/Users/acena/Documents/Codes/metsuboujinrai/logic/message_logic/explore_posts.go:95 : [requestId]: 17484434107369e25d89e-2365-4e02-905c-85280a745c82 | [0.000ms] [rows:2] SELECT `message_id` FROM `message_tags` WHERE topic_id = 12 AND tag_id = 2 ORDER BY updated_at DESC LIMIT 2
DATA :2025/05/28 22:43:30.738542 C:/Users/acena/Documents/Codes/metsuboujinrai/logic/message_logic/explore_posts.go:101 : [requestId]: 17484434107369e25d89e-2365-4e02-905c-85280a745c82 | [0.519ms] [rows:2] SELECT * FROM `message_tab` WHERE id IN (4,3) AND `message_tab`.`deleted_at` IS NULL
